[89875:259:1129/114912.333243:WARNING:chrome_main_delegate.cc(672)] This is Chrome version 131.0.6778.86 (not a warning)
[89875:259:1129/114912.549458:INFO:chrome_browser_cloud_management_controller.cc(196)] No machine level policy manager exists.
[89875:259:1129/114913.671712:INFO:CONSOLE(0)] "[DOM] Input elements should have autocomplete attributes (suggested: "current-password"): (More info: https://goo.gl/9p2vKq) %o", source: https://accounts.google.com/v3/signin/identifier?continue=https%3A%2F%2Faccounts.google.com%2F&followup=https%3A%2F%2Faccounts.google.com%2F&ifkv=AcMMx-eCwy341tkmJo1sUreWYCJsV3Eyo8h5E67iWA40hz6XI-YNUdsFzbBXLfOiBzlIb7WCETvb4w&passive=1209600&flowName=GlifWebSignIn&flowEntry=ServiceLogin&dsh=S-1659131518%3A1732841353268757&ddm=1 (0)
[89875:259:1129/114913.676690:INFO:CONSOLE(393)] "%c%s color: red; background: yellow; font-size: 24px; WARNING!", source: https://www.gstatic.com/_/mss/boq-identity/_/js/k=boq-identity.AccountsSignInUi.en_US.81r_gfkf0jY.es5.O/am=iB3MZNgGEBD_8DSgN6BIIGQAAAAAAAAAAMAGAACAhwE/d=1/excm=_b,_tp,identifierview/ed=1/dg=0/wt=2/ujg=1/rs=AOaEmlEKOVju77kNq_KIx7ImGjAKN_2G_Q/m=_b,_tp (393)
[89875:259:1129/114913.676768:INFO:CONSOLE(393)] "%c%s font-size: 18px; Using this console may allow attackers to impersonate you and steal your information using an attack called Self-XSS.
Do not enter or paste code that you do not understand.", source: https://www.gstatic.com/_/mss/boq-identity/_/js/k=boq-identity.AccountsSignInUi.en_US.81r_gfkf0jY.es5.O/am=iB3MZNgGEBD_8DSgN6BIIGQAAAAAAAAAAMAGAACAhwE/d=1/excm=_b,_tp,identifierview/ed=1/dg=0/wt=2/ujg=1/rs=AOaEmlEKOVju77kNq_KIx7ImGjAKN_2G_Q/m=_b,_tp (393)
[89875:259:1129/114913.835300:WARNING:hid_collection.cc(240)] encountered report item with invalid report size (16384>32)
[89875:259:1129/114913.835346:WARNING:hid_collection.cc(240)] encountered report item with invalid report size (16384>32)
[89875:259:1129/114913.835375:WARNING:hid_collection.cc(240)] encountered report item with invalid report size (16384>32)
[89875:259:1129/114913.835405:WARNING:hid_collection.cc(240)] encountered report item with invalid report size (16384>32)
[89875:259:1129/114913.835431:WARNING:hid_collection.cc(240)] encountered report item with invalid report size (16384>32)
[89875:259:1129/114913.835466:WARNING:hid_collection.cc(240)] encountered report item with invalid report size (16384>32)
[89875:259:1129/114913.835495:WARNING:hid_collection.cc(240)] encountered report item with invalid report size (16024>32)
[89875:259:1129/114913.835501:WARNING:hid_collection.cc(240)] encountered report item with invalid report size (1048>32)
[89875:259:1129/114913.835592:WARNING:hid_collection.cc(240)] encountered report item with invalid report size (50>32)
[89875:259:1129/114914.237084:WARNING:capture_device_ranking.h(255)] Can't initialize the value of media.audio_input.user_preference_ranking because media.default_audio_capture_device isn't registered or is empty
[89875:259:1129/114914.237111:WARNING:capture_device_ranking.h(255)] Can't initialize the value of media.video_input.user_preference_ranking because media.default_video_capture_Device isn't registered or is empty
[89875:259:1129/114914.237123:WARNING:capture_device_ranking.h(255)] Can't initialize the value of media.audio_input.user_preference_ranking because media.default_audio_capture_device isn't registered or is empty
[89875:259:1129/114914.237129:WARNING:capture_device_ranking.h(255)] Can't initialize the value of media.video_input.user_preference_ranking because media.default_video_capture_Device isn't registered or is empty
[89875:259:1129/114923.005842:WARNING:controller_impl.cc(1192)] Background download complete, client: 6, completion type: 0, file size:5155
[89875:39683:1129/114923.644561:ERROR:registration_request.cc(291)] Registration response error message: DEPRECATED_ENDPOINT
[89875:259:1129/114923.869912:WARNING:controller_impl.cc(1192)] Background download complete, client: 6, completion type: 0, file size:265059
[89875:259:1129/114924.323373:WARNING:controller_impl.cc(1192)] Background download complete, client: 6, completion type: 0, file size:883094
[89875:259:1129/114924.692959:WARNING:controller_impl.cc(1192)] Background download complete, client: 6, completion type: 0, file size:45161
[89875:259:1129/114924.747024:WARNING:controller_impl.cc(1192)] Background download complete, client: 6, completion type: 0, file size:2200227
[89875:259:1129/114924.828917:INFO:CONSOLE(366)] "%c%s color: red; background: yellow; font-size: 24px; WARNING!", source: https://www.gstatic.com/_/mss/boq-identity/_/js/k=boq-identity.AccountSettingsUi.en.4nKEKC_7SvI.2019.O/am=AzkYpvBOWNYT8N1e2KM4KJnN24wSNhkAAgCQAABAxAQI/d=1/excm=_b,_tp,googleaccounthomeview/ed=1/dg=0/wt=2/ujg=1/rs=AOaEmlGOXpu0wGlKfIJGU4pyX0kH0mv4CA/m=_b,_tp (366)
[89875:259:1129/114924.829827:INFO:CONSOLE(366)] "%c%s font-size: 18px; Using this console may allow attackers to impersonate you and steal your information using an attack called Self-XSS.
Do not enter or paste code that you do not understand.", source: https://www.gstatic.com/_/mss/boq-identity/_/js/k=boq-identity.AccountSettingsUi.en.4nKEKC_7SvI.2019.O/am=AzkYpvBOWNYT8N1e2KM4KJnN24wSNhkAAgCQAABAxAQI/d=1/excm=_b,_tp,googleaccounthomeview/ed=1/dg=0/wt=2/ujg=1/rs=AOaEmlGOXpu0wGlKfIJGU4pyX0kH0mv4CA/m=_b,_tp (366)
[89875:259:1129/114925.239366:WARNING:controller_impl.cc(1192)] Background download complete, client: 6, completion type: 0, file size:4680
[89875:259:1129/114925.601012:WARNING:controller_impl.cc(1192)] Background download complete, client: 6, completion type: 0, file size:2747168
[89875:259:1129/114925.837132:WARNING:controller_impl.cc(1192)] Background download complete, client: 6, completion type: 0, file size:118577
[89875:259:1129/114925.891144:INFO:CONSOLE(0)] "An iframe which has both allow-scripts and allow-same-origin for its sandbox attribute can escape its sandboxing.", source: https://myaccount.google.com/profile-picture?origin=https%3A%2F%2Fmyaccount.google.com&hostId=ma&theme=light (0)
[89875:259:1129/114938.789696:INFO:CONSOLE(0)] "Blocked aria-hidden on an element because its descendant retained focus. The focus must not be hidden from assistive technology users. Avoid using aria-hidden on a focused element or its ancestor. Consider using the inert attribute instead, which will also prevent focus. For more details, see the aria-hidden section of the WAI-ARIA specification at https://w3c.github.io/aria/#aria-hidden.
Element with focus: a
Ancestor with aria-hidden: ", source: https://myaccount.google.com/data-and-privacy (0)
[89875:259:1129/114943.981431:INFO:CONSOLE(0)] "Blocked aria-hidden on an element because its descendant retained focus. The focus must not be hidden from assistive technology users. Avoid using aria-hidden on a focused element or its ancestor. Consider using the inert attribute instead, which will also prevent focus. For more details, see the aria-hidden section of the WAI-ARIA specification at https://w3c.github.io/aria/#aria-hidden.
Element with focus: a
Ancestor with aria-hidden: ", source: https://myaccount.google.com/security (0)
[89875:39683:1129/114949.672071:ERROR:registration_request.cc(291)] Registration response error message: DEPRECATED_ENDPOINT
[89875:259:1129/115000.546650:INFO:CONSOLE(366)] "%c%s color: red; background: yellow; font-size: 24px; WARNING!", source: https://www.gstatic.com/_/mss/boq-identity/_/js/k=boq-identity.AccountSettingsUi.en.4nKEKC_7SvI.2019.O/am=AzkYpvBOWNYT8N1e2KM4KJnN24wSNhkAAgCQAABAxAQI/d=1/excm=_b,_tp,googleaccounthomeview/ed=1/dg=0/wt=2/ujg=1/rs=AOaEmlGOXpu0wGlKfIJGU4pyX0kH0mv4CA/m=_b,_tp (366)
[89875:259:1129/115000.546696:INFO:CONSOLE(366)] "%c%s font-size: 18px; Using this console may allow attackers to impersonate you and steal your information using an attack called Self-XSS.
Do not enter or paste code that you do not understand.", source: https://www.gstatic.com/_/mss/boq-identity/_/js/k=boq-identity.AccountSettingsUi.en.4nKEKC_7SvI.2019.O/am=AzkYpvBOWNYT8N1e2KM4KJnN24wSNhkAAgCQAABAxAQI/d=1/excm=_b,_tp,googleaccounthomeview/ed=1/dg=0/wt=2/ujg=1/rs=AOaEmlGOXpu0wGlKfIJGU4pyX0kH0mv4CA/m=_b,_tp (366)
[89875:259:1129/115001.750948:INFO:CONSOLE(0)] "An iframe which has both allow-scripts and allow-same-origin for its sandbox attribute can escape its sandboxing.", source: https://myaccount.google.com/profile-picture?origin=https%3A%2F%2Fmyaccount.google.com&hostId=ma&theme=light (0)
[89875:39683:1129/115047.259822:ERROR:registration_request.cc(291)] Registration response error message: DEPRECATED_ENDPOINT
[89875:259:1129/115047.722495:INFO:CONSOLE(62)] "✅ Libra is loaded!", source: https://www.allrecipes.com/ (62)
[89875:259:1129/115048.603272:INFO:CONSOLE(2)] "Not starting liQHub: window.liQHub is not undefined or an array", source: https://b-code.liadm.com/a-01b5.min.js (2)
[89875:259:1129/115050.764263:INFO:CONSOLE(0)] "The resource https://www.googletagmanager.com/gtag/js?id=G-9D9M6LNQMD&l=dataLayer&cx=c was preloaded using link preload but not used within a few seconds from the window's load event. Please make sure it has an appropriate `as` value and it is preloaded intentionally.", source: https://www.allrecipes.com/ (0)
[89875:259:1129/115051.217818:INFO:CONSOLE(1)] "Error", source: https://static.adsafeprotected.com/main.19.8.556.js (1)
[89875:259:1129/115051.230897:INFO:CONSOLE(1)] "Error", source: https://static.adsafeprotected.com/main.19.8.556.js (1)
[89875:259:1129/115051.467720:INFO:CONSOLE(32)] "a: 0.003173828125 ms", source: https://static.adsafeprotected.com/sca.17.6.4.js (32)
[89875:259:1129/115051.484318:INFO:CONSOLE(32)] "a: 0.0009765625 ms", source: https://static.adsafeprotected.com/sca.17.6.4.js (32)
[89875:259:1129/115051.500091:INFO:CONSOLE(9)] "Porthole: TypeError: Cannot read properties of undefined (reading 'action')", source: https://acdn.adnxs.com/html5-lib/1.3.0/appnexus-html5-lib.min.js (9)
[89875:259:1129/115051.502409:INFO:CONSOLE(9)] "Porthole: TypeError: Cannot read properties of undefined (reading 'action')", source: https://acdn.adnxs.com/html5-lib/1.3.0/appnexus-html5-lib.min.js (9)
[89875:259:1129/115051.502494:INFO:CONSOLE(9)] "Porthole: TypeError: Cannot read properties of undefined (reading 'action')", source: https://acdn.adnxs.com/html5-lib/1.3.0/appnexus-html5-lib.min.js (9)
[89875:259:1129/115051.502514:INFO:CONSOLE(9)] "Porthole: TypeError: Cannot read properties of undefined (reading 'action')", source: https://acdn.adnxs.com/html5-lib/1.3.0/appnexus-html5-lib.min.js (9)
[89875:259:1129/115052.785930:INFO:CONSOLE(9)] "Porthole: TypeError: Cannot read properties of undefined (reading 'action')", source: https://acdn.adnxs.com/html5-lib/1.3.0/appnexus-html5-lib.min.js (9)
[89875:259:1129/115052.786023:INFO:CONSOLE(9)] "Porthole: TypeError: Cannot read properties of undefined (reading 'action')", source: https://acdn.adnxs.com/html5-lib/1.3.0/appnexus-html5-lib.min.js (9)
[89875:259:1129/115052.801574:INFO:CONSOLE(9)] "Porthole: TypeError: Cannot read properties of undefined (reading 'action')", source: https://acdn.adnxs.com/html5-lib/1.3.0/appnexus-html5-lib.min.js (9)
[89875:259:1129/115052.801642:INFO:CONSOLE(9)] "Porthole: TypeError: Cannot read properties of undefined (reading 'action')", source: https://acdn.adnxs.com/html5-lib/1.3.0/appnexus-html5-lib.min.js (9)
[89875:259:1129/115054.696549:INFO:CONSOLE(9)] "Porthole: TypeError: Cannot read properties of undefined (reading 'action')", source: https://acdn.adnxs.com/html5-lib/1.3.0/appnexus-html5-lib.min.js (9)
[89875:259:1129/115054.696684:INFO:CONSOLE(9)] "Porthole: TypeError: Cannot read properties of undefined (reading 'action')", source: https://acdn.adnxs.com/html5-lib/1.3.0/appnexus-html5-lib.min.js (9)
[89875:259:1129/115054.702127:INFO:CONSOLE(9)] "Porthole: TypeError: Cannot read properties of undefined (reading 'action')", source: https://acdn.adnxs.com/html5-lib/1.3.0/appnexus-html5-lib.min.js (9)
[89875:259:1129/115054.702188:INFO:CONSOLE(9)] "Porthole: TypeError: Cannot read properties of undefined (reading 'action')", source: https://acdn.adnxs.com/html5-lib/1.3.0/appnexus-html5-lib.min.js (9)
[89875:259:1129/115057.748479:INFO:CONSOLE(41)] "Uncaught TypeError: Cannot read properties of undefined (reading 'url')", source:  (41)
[89875:259:1129/115211.541679:INFO:CONSOLE(0)] "The resource https://www.googletagmanager.com/gtag/js?id=G-9D9M6LNQMD&l=dataLayer&cx=c was preloaded using link preload but not used within a few seconds from the window's load event. Please make sure it has an appropriate `as` value and it is preloaded intentionally.", source: https://www.allrecipes.com/ (0)
[89875:39683:1129/115215.284746:ERROR:registration_request.cc(291)] Registration response error message: DEPRECATED_ENDPOINT
[89875:259:1129/115224.283971:INFO:CONSOLE(0)] "The resource https://www.googletagmanager.com/gtag/js?id=G-9D9M6LNQMD&l=dataLayer&cx=c was preloaded using link preload but not used within a few seconds from the window's load event. Please make sure it has an appropriate `as` value and it is preloaded intentionally.", source: https://www.allrecipes.com/ (0)
[89875:259:1129/115236.836161:INFO:CONSOLE(0)] "The resource https://www.googletagmanager.com/gtag/js?id=G-9D9M6LNQMD&l=dataLayer&cx=c was preloaded using link preload but not used within a few seconds from the window's load event. Please make sure it has an appropriate `as` value and it is preloaded intentionally.", source: https://www.allrecipes.com/ (0)
[89875:259:1129/115321.454926:INFO:CONSOLE(0)] "The resource https://www.googletagmanager.com/gtag/js?id=G-9D9M6LNQMD&l=dataLayer&cx=c was preloaded using link preload but not used within a few seconds from the window's load event. Please make sure it has an appropriate `as` value and it is preloaded intentionally.", source: https://www.allrecipes.com/ (0)
[89875:259:1129/115351.839243:INFO:CONSOLE(0)] "The resource https://www.googletagmanager.com/gtag/js?id=G-9D9M6LNQMD&l=dataLayer&cx=c was preloaded using link preload but not used within a few seconds from the window's load event. Please make sure it has an appropriate `as` value and it is preloaded intentionally.", source: https://www.allrecipes.com/ (0)
[89875:259:1129/115421.512233:INFO:CONSOLE(0)] "The resource https://www.googletagmanager.com/gtag/js?id=G-9D9M6LNQMD&l=dataLayer&cx=c was preloaded using link preload but not used within a few seconds from the window's load event. Please make sure it has an appropriate `as` value and it is preloaded intentionally.", source: https://www.allrecipes.com/ (0)
[89875:259:1129/115521.549881:INFO:CONSOLE(0)] "The resource https://www.googletagmanager.com/gtag/js?id=G-9D9M6LNQMD&l=dataLayer&cx=c was preloaded using link preload but not used within a few seconds from the window's load event. Please make sure it has an appropriate `as` value and it is preloaded intentionally.", source: https://www.allrecipes.com/ (0)
[89875:259:1129/115541.333012:INFO:CONSOLE(0)] "The resource https://www.googletagmanager.com/gtag/js?id=G-9D9M6LNQMD&l=dataLayer&cx=c was preloaded using link preload but not used within a few seconds from the window's load event. Please make sure it has an appropriate `as` value and it is preloaded intentionally.", source: https://www.allrecipes.com/ (0)
[89875:39683:1129/115558.740547:ERROR:registration_request.cc(291)] Registration response error message: DEPRECATED_ENDPOINT
[89875:259:1129/115606.838166:INFO:CONSOLE(0)] "The resource https://www.googletagmanager.com/gtag/js?id=G-9D9M6LNQMD&l=dataLayer&cx=c was preloaded using link preload but not used within a few seconds from the window's load event. Please make sure it has an appropriate `as` value and it is preloaded intentionally.", source: https://www.allrecipes.com/ (0)
[89875:259:1129/115621.526076:INFO:CONSOLE(0)] "The resource https://www.googletagmanager.com/gtag/js?id=G-9D9M6LNQMD&l=dataLayer&cx=c was preloaded using link preload but not used within a few seconds from the window's load event. Please make sure it has an appropriate `as` value and it is preloaded intentionally.", source: https://www.allrecipes.com/ (0)
